<?xml version="1.0" encoding="UTF-8"?>
<testsuite xmlns:xsi="http://www.w3.org/2001/XMLSchema-instance" xsi:noNamespaceSchemaLocation="https://maven.apache.org/surefire/maven-surefire-plugin/xsd/surefire-test-report.xsd" name="cat.itacademy.barcelonactiva.apellidos.nom.s04.t01.n01.S04T01N01GognomosNom.S04T01N01GognomosNomApplicationTests" time="2.338" tests="1" errors="0" skipped="0" failures="0">
  <properties>
[...]
</properties>
  <testcase name="contextLoads" classname="cat.itacademy.barcelonactiva.apellidos.nom.s04.t01.n01.S04T01N01GognomosNom.S04T01N01GognomosNomApplicationTests" time="0.422"/>
</testsuite>